<?xml version="1.0" encoding="UTF-8"?>
<!-- Generated by org.testng.reporters.JUnitXMLReporter -->
<testsuite hostname="DESKTOP-IVTU2OK" name="Default test" tests="6" failures="0" timestamp="28 Oct 2018 18:57:30 GMT" time="52.843" errors="0">
  <testcase name="ApplicationLaunch" time="12.921" classname="com.automationFramework.TestNgAction"/>
  <testcase name="clickOnAppCreation" time="7.391" classname="com.automationFramework.TestNgAction"/>
  <testcase name="sendAnSmsMethod" time="11.676" classname="com.automationFramework.TestNgAction"/>
  <testcase name="sendAnEmailMethod" time="4.522" classname="com.automationFramework.TestNgAction"/>
  <testcase name="ExitAppMethod" time="15.651" classname="com.automationFramework.TestNgAction"/>
  <testcase name="afterMethod" time="0.638" classname="com.automationFramework.TestNgAction"/>
</testsuite> <!-- Default test -->
